build/app/intermediates/manifest_merge_blame_file/release/manifest-merger-blame-release-report.txt
1<?xml version="1.0" encoding="utf-8"?>
2<manifest xmlns:android="http://schemas.android.com/apk/res/android"
3    package="com.hemant.quick_notes"
4    android:versionCode="3"
5    android:versionName="1.3.0" >
6
7    <uses-sdk
8        android:minSdkVersion="21"
9        android:targetSdkVersion="35" />
10
11    <uses-permission android:name="android.permission.RECEIVE_BOOT_COMPLETED" />
11-->src\main\AndroidManifest.xml:4:5-80
11-->src\main\AndroidManifest.xml:4:22-78
12    <uses-permission android:name="android.permission.FOREGROUND_SERVICE" />
12-->src\main\AndroidManifest.xml:5:5-76
12-->src\main\AndroidManifest.xml:5:22-74
13    <uses-permission android:name="android.permission.SCHEDULE_EXACT_ALARM" />
13-->src\main\AndroidManifest.xml:6:5-79
13-->src\main\AndroidManifest.xml:6:22-76
14    <uses-permission android:name="android.permission.USE_EXACT_ALARM" />
14-->src\main\AndroidManifest.xml:7:5-74
14-->src\main\AndroidManifest.xml:7:22-71
15    <uses-permission android:name="android.permission.USE_FULL_SCREEN_INTENT" />
15-->src\main\AndroidManifest.xml:8:5-81
15-->src\main\AndroidManifest.xml:8:22-78
16    <uses-permission android:name="android.permissions.POST_NOTIFICATIONS" />
16-->src\main\AndroidManifest.xml:9:5-77
16-->src\main\AndroidManifest.xml:9:22-75
17    <!--
18         Required to query activities that can process text, see:
19         https://developer.android.com/training/package-visibility and
20         https://developer.android.com/reference/android/content/Intent#ACTION_PROCESS_TEXT.
21
22         In particular, this is used by the Flutter engine in io.flutter.plugin.text.ProcessTextPlugin.
23    -->
24    <queries>
24-->src\main\AndroidManifest.xml:75:5-80:15
25        <intent>
25-->src\main\AndroidManifest.xml:76:9-79:18
26            <action android:name="android.intent.action.PROCESS_TEXT" />
26-->src\main\AndroidManifest.xml:77:13-72
26-->src\main\AndroidManifest.xml:77:21-70
27
28            <data android:mimeType="text/plain" />
28-->src\main\AndroidManifest.xml:78:13-50
28-->src\main\AndroidManifest.xml:78:19-48
29        </intent>
30    </queries>
31
32    <uses-permission android:name="android.permission.VIBRATE" />
32-->[:flutter_local_notifications] AndroidManifest.xml:7:5-66
32-->[:flutter_local_notifications] AndroidManifest.xml:7:22-63
33    <uses-permission android:name="android.permission.POST_NOTIFICATIONS" />
33-->[:flutter_local_notifications] AndroidManifest.xml:8:5-77
33-->[:flutter_local_notifications] AndroidManifest.xml:8:22-74
34    <uses-permission android:name="android.permission.WAKE_LOCK" />
34-->[androidx.work:work-runtime:2.8.1] AndroidManifest.xml:23:5-68
34-->[androidx.work:work-runtime:2.8.1] AndroidManifest.xml:23:22-65
35    <uses-permission android:name="android.permission.ACCESS_NETWORK_STATE" />
35-->[androidx.work:work-runtime:2.8.1] AndroidManifest.xml:24:5-79
35-->[androidx.work:work-runtime:2.8.1] AndroidManifest.xml:24:22-76
36
37    <permission
37-->[androidx.core:core:1.13.1] AndroidManifest.xml:22:5-24:47
38        android:name="com.hemant.quick_notes.DYNAMIC_RECEIVER_NOT_EXPORTED_PERMISSION"
38-->[androidx.core:core:1.13.1] AndroidManifest.xml:23:9-81
39        android:protectionLevel="signature" />
39-->[androidx.core:core:1.13.1] AndroidManifest.xml:24:9-44
40
41    <uses-permission android:name="com.hemant.quick_notes.DYNAMIC_RECEIVER_NOT_EXPORTED_PERMISSION" />
41-->[androidx.core:core:1.13.1] AndroidManifest.xml:26:5-97
41-->[androidx.core:core:1.13.1] AndroidManifest.xml:26:22-94
42
43    <application
44        android:name="android.app.Application"
44-->src\main\AndroidManifest.xml:12:9-42
45        android:appComponentFactory="androidx.core.app.CoreComponentFactory"
45-->[androidx.core:core:1.13.1] AndroidManifest.xml:28:18-86
46        android:enableOnBackInvokedCallback="true"
46-->src\main\AndroidManifest.xml:13:9-51
47        android:extractNativeLibs="true"
48        android:icon="@drawable/playstore_app_icon"
48-->src\main\AndroidManifest.xml:14:9-52
49        android:label="Todo List" >
49-->src\main\AndroidManifest.xml:11:9-34
50        <activity
50-->src\main\AndroidManifest.xml:15:9-38:20
51            android:name="com.hemant.quick_notes.MainActivity"
51-->src\main\AndroidManifest.xml:16:13-41
52            android:configChanges="orientation|keyboardHidden|keyboard|screenSize|smallestScreenSize|locale|layoutDirection|fontScale|screenLayout|density|uiMode"
52-->src\main\AndroidManifest.xml:21:13-163
53            android:exported="true"
53-->src\main\AndroidManifest.xml:17:13-36
54            android:hardwareAccelerated="true"
54-->src\main\AndroidManifest.xml:22:13-47
55            android:launchMode="singleTop"
55-->src\main\AndroidManifest.xml:18:13-43
56            android:showWhenLocked="true"
56-->src\main\AndroidManifest.xml:24:13-42
57            android:taskAffinity=""
57-->src\main\AndroidManifest.xml:19:13-36
58            android:theme="@style/LaunchTheme"
58-->src\main\AndroidManifest.xml:20:13-47
59            android:turnScreenOn="true"
59-->src\main\AndroidManifest.xml:25:13-40
60            android:windowSoftInputMode="adjustResize" >
60-->src\main\AndroidManifest.xml:23:13-55
61
62            <!--
63                 Specifies an Android theme to apply to this Activity as soon as
64                 the Android process has started. This theme is visible to the user
65                 while the Flutter UI initializes. After that, this theme continues
66                 to determine the Window background behind the Flutter UI.
67            -->
68            <meta-data
68-->src\main\AndroidManifest.xml:30:13-33:19
69                android:name="io.flutter.embedding.android.NormalTheme"
69-->src\main\AndroidManifest.xml:31:17-72
70                android:resource="@style/NormalTheme" />
70-->src\main\AndroidManifest.xml:32:17-54
71
72            <intent-filter>
72-->src\main\AndroidManifest.xml:34:13-37:29
73                <action android:name="android.intent.action.MAIN" />
73-->src\main\AndroidManifest.xml:35:17-68
73-->src\main\AndroidManifest.xml:35:25-66
74
75                <category android:name="android.intent.category.LAUNCHER" />
75-->src\main\AndroidManifest.xml:36:17-76
75-->src\main\AndroidManifest.xml:36:27-74
76            </intent-filter>
77        </activity>
78        <!--
79             Don't delete the meta-data below.
80             This is used by the Flutter tool to generate GeneratedPluginRegistrant.java
81        -->
82        <meta-data
82-->src\main\AndroidManifest.xml:41:9-43:33
83            android:name="flutterEmbedding"
83-->src\main\AndroidManifest.xml:42:13-44
84            android:value="2" />
84-->src\main\AndroidManifest.xml:43:13-30
85        <meta-data
85-->src\main\AndroidManifest.xml:44:9-45:37
86            android:name="io.flutter.embedding.android.EnableImpeller"
86-->src\main\AndroidManifest.xml:44:20-78
87            android:value="false" />
87-->src\main\AndroidManifest.xml:45:13-34
88
89        <receiver
89-->src\main\AndroidManifest.xml:46:9-53:20
90            android:name="io.flutter.plugins.workmanager.BackgroundWorker"
90-->src\main\AndroidManifest.xml:47:13-75
91            android:exported="false"
91-->src\main\AndroidManifest.xml:49:13-37
92            android:permission="android.permission.RECEIVE_BOOT_COMPLETED" >
92-->src\main\AndroidManifest.xml:48:13-75
93            <intent-filter>
93-->src\main\AndroidManifest.xml:50:13-52:29
94                <action android:name="android.intent.action.BOOT_COMPLETED" />
94-->src\main\AndroidManifest.xml:51:17-78
94-->src\main\AndroidManifest.xml:51:25-76
95            </intent-filter>
96        </receiver>
97        <receiver
97-->src\main\AndroidManifest.xml:54:9-61:20
98            android:name="com.dexterous.flutterlocalnotifications.ScheduledNotificationBootReceiver"
98-->src\main\AndroidManifest.xml:54:44-132
99            android:exported="false" >
99-->src\main\AndroidManifest.xml:54:19-43
100            <intent-filter>
100-->src\main\AndroidManifest.xml:55:13-60:29
101                <action android:name="android.intent.action.BOOT_COMPLETED" />
101-->src\main\AndroidManifest.xml:51:17-78
101-->src\main\AndroidManifest.xml:51:25-76
102                <action android:name="android.intent.action.MY_PACKAGE_REPLACED" />
102-->src\main\AndroidManifest.xml:57:17-83
102-->src\main\AndroidManifest.xml:57:25-81
103                <action android:name="android.intent.action.QUICKBOOT_POWERON" />
103-->src\main\AndroidManifest.xml:58:17-82
103-->src\main\AndroidManifest.xml:58:25-79
104                <action android:name="com.htc.intent.action.QUICKBOOT_POWERON" />
104-->src\main\AndroidManifest.xml:59:17-81
104-->src\main\AndroidManifest.xml:59:25-79
105            </intent-filter>
106        </receiver>
107        <receiver
107-->src\main\AndroidManifest.xml:62:9-131
108            android:name="com.dexterous.flutterlocalnotifications.ScheduledNotificationReceiver"
108-->src\main\AndroidManifest.xml:62:44-128
109            android:exported="false" />
109-->src\main\AndroidManifest.xml:62:19-43
110        <receiver
110-->src\main\AndroidManifest.xml:63:9-125
111            android:name="com.dexterous.flutterlocalnotifications.ActionBroadcastReceiver"
111-->src\main\AndroidManifest.xml:63:44-122
112            android:exported="false" />
112-->src\main\AndroidManifest.xml:63:19-43
113
114        <service
114-->src\main\AndroidManifest.xml:64:9-68:55
115            android:name="com.dexterous.flutterlocalnotifications.ForegroundService"
115-->src\main\AndroidManifest.xml:65:13-85
116            android:exported="false"
116-->src\main\AndroidManifest.xml:66:13-37
117            android:foregroundServiceType="location"
117-->src\main\AndroidManifest.xml:68:13-53
118            android:stopWithTask="false" />
118-->src\main\AndroidManifest.xml:67:13-41
119
120        <uses-library
120-->[androidx.window:window:1.4.0] AndroidManifest.xml:23:9-25:40
121            android:name="androidx.window.extensions"
121-->[androidx.window:window:1.4.0] AndroidManifest.xml:24:13-54
122            android:required="false" />
122-->[androidx.window:window:1.4.0] AndroidManifest.xml:25:13-37
123        <uses-library
123-->[androidx.window:window:1.4.0] AndroidManifest.xml:26:9-28:40
124            android:name="androidx.window.sidecar"
124-->[androidx.window:window:1.4.0] AndroidManifest.xml:27:13-51
125            android:required="false" />
125-->[androidx.window:window:1.4.0] AndroidManifest.xml:28:13-37
126
127        <provider
127-->[androidx.work:work-runtime:2.8.1] AndroidManifest.xml:29:9-37:20
128            android:name="androidx.startup.InitializationProvider"
128-->[androidx.work:work-runtime:2.8.1] AndroidManifest.xml:30:13-67
129            android:authorities="com.hemant.quick_notes.androidx-startup"
129-->[androidx.work:work-runtime:2.8.1] AndroidManifest.xml:31:13-68
130            android:exported="false" >
130-->[androidx.work:work-runtime:2.8.1] AndroidManifest.xml:32:13-37
131            <meta-data
131-->[androidx.work:work-runtime:2.8.1] AndroidManifest.xml:34:13-36:52
132                android:name="androidx.work.WorkManagerInitializer"
132-->[androidx.work:work-runtime:2.8.1] AndroidManifest.xml:35:17-68
133                android:value="androidx.startup" />
133-->[androidx.work:work-runtime:2.8.1] AndroidManifest.xml:36:17-49
134            <meta-data
134-->[androidx.lifecycle:lifecycle-process:2.7.0] AndroidManifest.xml:29:13-31:52
135                android:name="androidx.lifecycle.ProcessLifecycleInitializer"
135-->[androidx.lifecycle:lifecycle-process:2.7.0] AndroidManifest.xml:30:17-78
136                android:value="androidx.startup" />
136-->[androidx.lifecycle:lifecycle-process:2.7.0] AndroidManifest.xml:31:17-49
137            <meta-data
137-->[androidx.profileinstaller:profileinstaller:1.3.1] AndroidManifest.xml:29:13-31:52
138                android:name="androidx.profileinstaller.ProfileInstallerInitializer"
138-->[androidx.profileinstaller:profileinstaller:1.3.1] AndroidManifest.xml:30:17-85
139                android:value="androidx.startup" />
139-->[androidx.profileinstaller:profileinstaller:1.3.1] AndroidManifest.xml:31:17-49
140        </provider>
141
142        <service
142-->[androidx.work:work-runtime:2.8.1] AndroidManifest.xml:39:9-45:35
143            android:name="androidx.work.impl.background.systemalarm.SystemAlarmService"
143-->[androidx.work:work-runtime:2.8.1] AndroidManifest.xml:40:13-88
144            android:directBootAware="false"
144-->[androidx.work:work-runtime:2.8.1] AndroidManifest.xml:41:13-44
145            android:enabled="@bool/enable_system_alarm_service_default"
145-->[androidx.work:work-runtime:2.8.1] AndroidManifest.xml:42:13-72
146            android:exported="false" />
146-->[androidx.work:work-runtime:2.8.1] AndroidManifest.xml:43:13-37
147        <service
147-->[androidx.work:work-runtime:2.8.1] AndroidManifest.xml:46:9-52:35
148            android:name="androidx.work.impl.background.systemjob.SystemJobService"
148-->[androidx.work:work-runtime:2.8.1] AndroidManifest.xml:47:13-84
149            android:directBootAware="false"
149-->[androidx.work:work-runtime:2.8.1] AndroidManifest.xml:48:13-44
150            android:enabled="@bool/enable_system_job_service_default"
150-->[androidx.work:work-runtime:2.8.1] AndroidManifest.xml:49:13-70
151            android:exported="true"
151-->[androidx.work:work-runtime:2.8.1] AndroidManifest.xml:50:13-36
152            android:permission="android.permission.BIND_JOB_SERVICE" />
152-->[androidx.work:work-runtime:2.8.1] AndroidManifest.xml:51:13-69
153        <service
153-->[androidx.work:work-runtime:2.8.1] AndroidManifest.xml:53:9-59:35
154            android:name="androidx.work.impl.foreground.SystemForegroundService"
154-->[androidx.work:work-runtime:2.8.1] AndroidManifest.xml:54:13-81
155            android:directBootAware="false"
155-->[androidx.work:work-runtime:2.8.1] AndroidManifest.xml:55:13-44
156            android:enabled="@bool/enable_system_foreground_service_default"
156-->[androidx.work:work-runtime:2.8.1] AndroidManifest.xml:56:13-77
157            android:exported="false" />
157-->[androidx.work:work-runtime:2.8.1] AndroidManifest.xml:57:13-37
158
159        <receiver
159-->[androidx.work:work-runtime:2.8.1] AndroidManifest.xml:61:9-66:35
160            android:name="androidx.work.impl.utils.ForceStopRunnable$BroadcastReceiver"
160-->[androidx.work:work-runtime:2.8.1] AndroidManifest.xml:62:13-88
161            android:directBootAware="false"
161-->[androidx.work:work-runtime:2.8.1] AndroidManifest.xml:63:13-44
162            android:enabled="true"
162-->[androidx.work:work-runtime:2.8.1] AndroidManifest.xml:64:13-35
163            android:exported="false" />
163-->[androidx.work:work-runtime:2.8.1] AndroidManifest.xml:65:13-37
164        <receiver
164-->[androidx.work:work-runtime:2.8.1] AndroidManifest.xml:67:9-77:20
165            android:name="androidx.work.impl.background.systemalarm.ConstraintProxy$BatteryChargingProxy"
165-->[androidx.work:work-runtime:2.8.1] AndroidManifest.xml:68:13-106
166            android:directBootAware="false"
166-->[androidx.work:work-runtime:2.8.1] AndroidManifest.xml:69:13-44
167            android:enabled="false"
167-->[androidx.work:work-runtime:2.8.1] AndroidManifest.xml:70:13-36
168            android:exported="false" >
168-->[androidx.work:work-runtime:2.8.1] AndroidManifest.xml:71:13-37
169            <intent-filter>
169-->[androidx.work:work-runtime:2.8.1] AndroidManifest.xml:73:13-76:29
170                <action android:name="android.intent.action.ACTION_POWER_CONNECTED" />
170-->[androidx.work:work-runtime:2.8.1] AndroidManifest.xml:74:17-87
170-->[androidx.work:work-runtime:2.8.1] AndroidManifest.xml:74:25-84
171                <action android:name="android.intent.action.ACTION_POWER_DISCONNECTED" />
171-->[androidx.work:work-runtime:2.8.1] AndroidManifest.xml:75:17-90
171-->[androidx.work:work-runtime:2.8.1] AndroidManifest.xml:75:25-87
172            </intent-filter>
173        </receiver>
174        <receiver
174-->[androidx.work:work-runtime:2.8.1] AndroidManifest.xml:78:9-88:20
175            android:name="androidx.work.impl.background.systemalarm.ConstraintProxy$BatteryNotLowProxy"
175-->[androidx.work:work-runtime:2.8.1] AndroidManifest.xml:79:13-104
176            android:directBootAware="false"
176-->[androidx.work:work-runtime:2.8.1] AndroidManifest.xml:80:13-44
177            android:enabled="false"
177-->[androidx.work:work-runtime:2.8.1] AndroidManifest.xml:81:13-36
178            android:exported="false" >
178-->[androidx.work:work-runtime:2.8.1] AndroidManifest.xml:82:13-37
179            <intent-filter>
179-->[androidx.work:work-runtime:2.8.1] AndroidManifest.xml:84:13-87:29
180                <action android:name="android.intent.action.BATTERY_OKAY" />
180-->[androidx.work:work-runtime:2.8.1] AndroidManifest.xml:85:17-77
180-->[androidx.work:work-runtime:2.8.1] AndroidManifest.xml:85:25-74
181                <action android:name="android.intent.action.BATTERY_LOW" />
181-->[androidx.work:work-runtime:2.8.1] AndroidManifest.xml:86:17-76
181-->[androidx.work:work-runtime:2.8.1] AndroidManifest.xml:86:25-73
182            </intent-filter>
183        </receiver>
184        <receiver
184-->[androidx.work:work-runtime:2.8.1] AndroidManifest.xml:89:9-99:20
185            android:name="androidx.work.impl.background.systemalarm.ConstraintProxy$StorageNotLowProxy"
185-->[androidx.work:work-runtime:2.8.1] AndroidManifest.xml:90:13-104
186            android:directBootAware="false"
186-->[androidx.work:work-runtime:2.8.1] AndroidManifest.xml:91:13-44
187            android:enabled="false"
187-->[androidx.work:work-runtime:2.8.1] AndroidManifest.xml:92:13-36
188            android:exported="false" >
188-->[androidx.work:work-runtime:2.8.1] AndroidManifest.xml:93:13-37
189            <intent-filter>
189-->[androidx.work:work-runtime:2.8.1] AndroidManifest.xml:95:13-98:29
190                <action android:name="android.intent.action.DEVICE_STORAGE_LOW" />
190-->[androidx.work:work-runtime:2.8.1] AndroidManifest.xml:96:17-83
190-->[androidx.work:work-runtime:2.8.1] AndroidManifest.xml:96:25-80
191                <action android:name="android.intent.action.DEVICE_STORAGE_OK" />
191-->[androidx.work:work-runtime:2.8.1] AndroidManifest.xml:97:17-82
191-->[androidx.work:work-runtime:2.8.1] AndroidManifest.xml:97:25-79
192            </intent-filter>
193        </receiver>
194        <receiver
194-->[androidx.work:work-runtime:2.8.1] AndroidManifest.xml:100:9-109:20
195            android:name="androidx.work.impl.background.systemalarm.ConstraintProxy$NetworkStateProxy"
195-->[androidx.work:work-runtime:2.8.1] AndroidManifest.xml:101:13-103
196            android:directBootAware="false"
196-->[androidx.work:work-runtime:2.8.1] AndroidManifest.xml:102:13-44
197            android:enabled="false"
197-->[androidx.work:work-runtime:2.8.1] AndroidManifest.xml:103:13-36
198            android:exported="false" >
198-->[androidx.work:work-runtime:2.8.1] AndroidManifest.xml:104:13-37
199            <intent-filter>
199-->[androidx.work:work-runtime:2.8.1] AndroidManifest.xml:106:13-108:29
200                <action android:name="android.net.conn.CONNECTIVITY_CHANGE" />
200-->[androidx.work:work-runtime:2.8.1] AndroidManifest.xml:107:17-79
200-->[androidx.work:work-runtime:2.8.1] AndroidManifest.xml:107:25-76
201            </intent-filter>
202        </receiver>
203        <receiver
203-->[androidx.work:work-runtime:2.8.1] AndroidManifest.xml:110:9-121:20
204            android:name="androidx.work.impl.background.systemalarm.RescheduleReceiver"
204-->[androidx.work:work-runtime:2.8.1] AndroidManifest.xml:111:13-88
205            android:directBootAware="false"
205-->[androidx.work:work-runtime:2.8.1] AndroidManifest.xml:112:13-44
206            android:enabled="false"
206-->[androidx.work:work-runtime:2.8.1] AndroidManifest.xml:113:13-36
207            android:exported="false" >
207-->[androidx.work:work-runtime:2.8.1] AndroidManifest.xml:114:13-37
208            <intent-filter>
208-->[androidx.work:work-runtime:2.8.1] AndroidManifest.xml:116:13-120:29
209                <action android:name="android.intent.action.BOOT_COMPLETED" />
209-->src\main\AndroidManifest.xml:51:17-78
209-->src\main\AndroidManifest.xml:51:25-76
210                <action android:name="android.intent.action.TIME_SET" />
210-->[androidx.work:work-runtime:2.8.1] AndroidManifest.xml:118:17-73
210-->[androidx.work:work-runtime:2.8.1] AndroidManifest.xml:118:25-70
211                <action android:name="android.intent.action.TIMEZONE_CHANGED" />
211-->[androidx.work:work-runtime:2.8.1] AndroidManifest.xml:119:17-81
211-->[androidx.work:work-runtime:2.8.1] AndroidManifest.xml:119:25-78
212            </intent-filter>
213        </receiver>
214        <receiver
214-->[androidx.work:work-runtime:2.8.1] AndroidManifest.xml:122:9-131:20
215            android:name="androidx.work.impl.background.systemalarm.ConstraintProxyUpdateReceiver"
215-->[androidx.work:work-runtime:2.8.1] AndroidManifest.xml:123:13-99
216            android:directBootAware="false"
216-->[androidx.work:work-runtime:2.8.1] AndroidManifest.xml:124:13-44
217            android:enabled="@bool/enable_system_alarm_service_default"
217-->[androidx.work:work-runtime:2.8.1] AndroidManifest.xml:125:13-72
218            android:exported="false" >
218-->[androidx.work:work-runtime:2.8.1] AndroidManifest.xml:126:13-37
219            <intent-filter>
219-->[androidx.work:work-runtime:2.8.1] AndroidManifest.xml:128:13-130:29
220                <action android:name="androidx.work.impl.background.systemalarm.UpdateProxies" />
220-->[androidx.work:work-runtime:2.8.1] AndroidManifest.xml:129:17-98
220-->[androidx.work:work-runtime:2.8.1] AndroidManifest.xml:129:25-95
221            </intent-filter>
222        </receiver>
223        <receiver
223-->[androidx.work:work-runtime:2.8.1] AndroidManifest.xml:132:9-142:20
224            android:name="androidx.work.impl.diagnostics.DiagnosticsReceiver"
224-->[androidx.work:work-runtime:2.8.1] AndroidManifest.xml:133:13-78
225            android:directBootAware="false"
225-->[androidx.work:work-runtime:2.8.1] AndroidManifest.xml:134:13-44
226            android:enabled="true"
226-->[androidx.work:work-runtime:2.8.1] AndroidManifest.xml:135:13-35
227            android:exported="true"
227-->[androidx.work:work-runtime:2.8.1] AndroidManifest.xml:136:13-36
228            android:permission="android.permission.DUMP" >
228-->[androidx.work:work-runtime:2.8.1] AndroidManifest.xml:137:13-57
229            <intent-filter>
229-->[androidx.work:work-runtime:2.8.1] AndroidManifest.xml:139:13-141:29
230                <action android:name="androidx.work.diagnostics.REQUEST_DIAGNOSTICS" />
230-->[androidx.work:work-runtime:2.8.1] AndroidManifest.xml:140:17-88
230-->[androidx.work:work-runtime:2.8.1] AndroidManifest.xml:140:25-85
231            </intent-filter>
232        </receiver>
233
234        <service
234-->[androidx.room:room-runtime:2.5.0] AndroidManifest.xml:24:9-28:63
235            android:name="androidx.room.MultiInstanceInvalidationService"
235-->[androidx.room:room-runtime:2.5.0] AndroidManifest.xml:25:13-74
236            android:directBootAware="true"
236-->[androidx.room:room-runtime:2.5.0] AndroidManifest.xml:26:13-43
237            android:exported="false" />
237-->[androidx.room:room-runtime:2.5.0] AndroidManifest.xml:27:13-37
238
239        <receiver
239-->[androidx.profileinstaller:profileinstaller:1.3.1] AndroidManifest.xml:34:9-52:20
240            android:name="androidx.profileinstaller.ProfileInstallReceiver"
240-->[androidx.profileinstaller:profileinstaller:1.3.1] AndroidManifest.xml:35:13-76
241            android:directBootAware="false"
241-->[androidx.profileinstaller:profileinstaller:1.3.1] AndroidManifest.xml:36:13-44
242            android:enabled="true"
242-->[androidx.profileinstaller:profileinstaller:1.3.1] AndroidManifest.xml:37:13-35
243            android:exported="true"
243-->[androidx.profileinstaller:profileinstaller:1.3.1] AndroidManifest.xml:38:13-36
244            android:permission="android.permission.DUMP" >
244-->[androidx.profileinstaller:profileinstaller:1.3.1] AndroidManifest.xml:39:13-57
245            <intent-filter>
245-->[androidx.profileinstaller:profileinstaller:1.3.1] AndroidManifest.xml:40:13-42:29
246                <action android:name="androidx.profileinstaller.action.INSTALL_PROFILE" />
246-->[androidx.profileinstaller:profileinstaller:1.3.1] AndroidManifest.xml:41:17-91
246-->[androidx.profileinstaller:profileinstaller:1.3.1] AndroidManifest.xml:41:25-88
247            </intent-filter>
248            <intent-filter>
248-->[androidx.profileinstaller:profileinstaller:1.3.1] AndroidManifest.xml:43:13-45:29
249                <action android:name="androidx.profileinstaller.action.SKIP_FILE" />
249-->[androidx.profileinstaller:profileinstaller:1.3.1] AndroidManifest.xml:44:17-85
249-->[androidx.profileinstaller:profileinstaller:1.3.1] AndroidManifest.xml:44:25-82
250            </intent-filter>
251            <intent-filter>
251-->[androidx.profileinstaller:profileinstaller:1.3.1] AndroidManifest.xml:46:13-48:29
252                <action android:name="androidx.profileinstaller.action.SAVE_PROFILE" />
252-->[androidx.profileinstaller:profileinstaller:1.3.1] AndroidManifest.xml:47:17-88
252-->[androidx.profileinstaller:profileinstaller:1.3.1] AndroidManifest.xml:47:25-85
253            </intent-filter>
254            <intent-filter>
254-->[androidx.profileinstaller:profileinstaller:1.3.1] AndroidManifest.xml:49:13-51:29
255                <action android:name="androidx.profileinstaller.action.BENCHMARK_OPERATION" />
255-->[androidx.profileinstaller:profileinstaller:1.3.1] AndroidManifest.xml:50:17-95
255-->[androidx.profileinstaller:profileinstaller:1.3.1] AndroidManifest.xml:50:25-92
256            </intent-filter>
257        </receiver>
258    </application>
259
260</manifest>